0 info it worked if it ends with ok
1 verbose cli [ 'node', '/usr/local/bin/npm', 'install', '-g', 'ng-annotate' ]
2 info using npm@1.4.28
3 info using node@v0.10.35
4 verbose cache add [ 'ng-annotate', null ]
5 verbose cache add name=undefined spec="ng-annotate" args=["ng-annotate",null]
6 verbose parsed url { protocol: null,
6 verbose parsed url   slashes: null,
6 verbose parsed url   auth: null,
6 verbose parsed url   host: null,
6 verbose parsed url   port: null,
6 verbose parsed url   hostname: null,
6 verbose parsed url   hash: null,
6 verbose parsed url   search: null,
6 verbose parsed url   query: null,
6 verbose parsed url   pathname: 'ng-annotate',
6 verbose parsed url   path: 'ng-annotate',
6 verbose parsed url   href: 'ng-annotate' }
7 silly lockFile 3a26f203-ng-annotate ng-annotate
8 verbose lock ng-annotate /Users/Korn/.npm/3a26f203-ng-annotate.lock
9 silly lockFile 3a26f203-ng-annotate ng-annotate
10 silly lockFile 3a26f203-ng-annotate ng-annotate
11 verbose addNamed [ 'ng-annotate', '' ]
12 verbose addNamed [ null, '*' ]
13 silly lockFile b1c6a8ab-ng-annotate ng-annotate@
14 verbose lock ng-annotate@ /Users/Korn/.npm/b1c6a8ab-ng-annotate.lock
15 silly addNameRange { name: 'ng-annotate', range: '*', hasData: false }
16 verbose request where is /ng-annotate
17 verbose request registry https://registry.npmjs.org/
18 verbose request id 1ad52b8722070e6b
19 verbose url raw /ng-annotate
20 verbose url resolving [ 'https://registry.npmjs.org/', './ng-annotate' ]
21 verbose url resolved https://registry.npmjs.org/ng-annotate
22 verbose request where is https://registry.npmjs.org/ng-annotate
23 info trying registry request attempt 1 at 13:40:09
24 verbose etag "4HL7VY2WT0HCU3M1RI6AXGVF8"
25 http GET https://registry.npmjs.org/ng-annotate
26 http 200 https://registry.npmjs.org/ng-annotate
27 silly registry.get cb [ 200,
27 silly registry.get   { date: 'Thu, 16 Apr 2015 06:40:09 GMT',
27 silly registry.get     server: 'CouchDB/1.5.0 (Erlang OTP/R16B03)',
27 silly registry.get     etag: '"9J2CGKT44P8T1WZO9KSGL34KR"',
27 silly registry.get     'content-type': 'application/json',
27 silly registry.get     'cache-control': 'max-age=60',
27 silly registry.get     'content-length': '72236',
27 silly registry.get     'accept-ranges': 'bytes',
27 silly registry.get     via: '1.1 varnish',
27 silly registry.get     age: '0',
27 silly registry.get     'x-served-by': 'cache-sn87-SIN',
27 silly registry.get     'x-cache': 'HIT',
27 silly registry.get     'x-cache-hits': '1',
27 silly registry.get     'x-timer': 'S1429166409.537328,VS0,VE246',
27 silly registry.get     vary: 'Accept',
27 silly registry.get     'keep-alive': 'timeout=10, max=50',
27 silly registry.get     connection: 'Keep-Alive' } ]
28 silly addNameRange number 2 { name: 'ng-annotate', range: '*', hasData: true }
29 silly addNameRange versions [ 'ng-annotate',
29 silly addNameRange   [ '0.1.0',
29 silly addNameRange     '0.1.1',
29 silly addNameRange     '0.1.2',
29 silly addNameRange     '0.2.0',
29 silly addNameRange     '0.3.0',
29 silly addNameRange     '0.3.1',
29 silly addNameRange     '0.3.2',
29 silly addNameRange     '0.3.3',
29 silly addNameRange     '0.4.0',
29 silly addNameRange     '0.5.0',
29 silly addNameRange     '0.6.0',
29 silly addNameRange     '0.7.0',
29 silly addNameRange     '0.7.1',
29 silly addNameRange     '0.7.2',
29 silly addNameRange     '0.7.3',
29 silly addNameRange     '0.8.0',
29 silly addNameRange     '0.9.0',
29 silly addNameRange     '0.9.1',
29 silly addNameRange     '0.9.2',
29 silly addNameRange     '0.9.3',
29 silly addNameRange     '0.9.4',
29 silly addNameRange     '0.9.5',
29 silly addNameRange     '0.9.6',
29 silly addNameRange     '0.9.7',
29 silly addNameRange     '0.9.8',
29 silly addNameRange     '0.9.9',
29 silly addNameRange     '0.9.10',
29 silly addNameRange     '0.9.11',
29 silly addNameRange     '0.10.0',
29 silly addNameRange     '0.10.1',
29 silly addNameRange     '0.10.2',
29 silly addNameRange     '0.10.3',
29 silly addNameRange     '0.11.0',
29 silly addNameRange     '0.12.0',
29 silly addNameRange     '0.12.1',
29 silly addNameRange     '0.13.0',
29 silly addNameRange     '0.14.0',
29 silly addNameRange     '0.14.1',
29 silly addNameRange     '0.15.0',
29 silly addNameRange     '0.15.1',
29 silly addNameRange     '0.15.2',
29 silly addNameRange     '0.15.3',
29 silly addNameRange     '0.15.4' ] ]
30 verbose addNamed [ 'ng-annotate', '0.15.4' ]
31 verbose addNamed [ '0.15.4', '0.15.4' ]
32 silly lockFile 017ddcc2-ng-annotate-0-15-4 ng-annotate@0.15.4
33 verbose lock ng-annotate@0.15.4 /Users/Korn/.npm/017ddcc2-ng-annotate-0-15-4.lock
34 silly lockFile 4520be16--annotate-ng-annotate-0-15-4-tgz https://registry.npmjs.org/ng-annotate/-/ng-annotate-0.15.4.tgz
35 verbose lock https://registry.npmjs.org/ng-annotate/-/ng-annotate-0.15.4.tgz /Users/Korn/.npm/4520be16--annotate-ng-annotate-0-15-4-tgz.lock
36 verbose addRemoteTarball [ 'https://registry.npmjs.org/ng-annotate/-/ng-annotate-0.15.4.tgz',
36 verbose addRemoteTarball   '6507525c8f2f28f8787bcdb898f56d9b31066e93' ]
37 info retry fetch attempt 1 at 13:40:10
38 verbose fetch to= /var/folders/4n/7lbjxk391gs09ylwsj9_2fjw0000gn/T/npm-92033-3Wile18p/registry.npmjs.org/ng-annotate/-/ng-annotate-0.15.4.tgz
39 http GET https://registry.npmjs.org/ng-annotate/-/ng-annotate-0.15.4.tgz
40 http 200 https://registry.npmjs.org/ng-annotate/-/ng-annotate-0.15.4.tgz
41 silly lockFile 4520be16--annotate-ng-annotate-0-15-4-tgz https://registry.npmjs.org/ng-annotate/-/ng-annotate-0.15.4.tgz
42 silly lockFile 4520be16--annotate-ng-annotate-0-15-4-tgz https://registry.npmjs.org/ng-annotate/-/ng-annotate-0.15.4.tgz
43 silly lockFile 017ddcc2-ng-annotate-0-15-4 ng-annotate@0.15.4
44 silly lockFile 017ddcc2-ng-annotate-0-15-4 ng-annotate@0.15.4
45 silly lockFile b1c6a8ab-ng-annotate ng-annotate@
46 silly lockFile b1c6a8ab-ng-annotate ng-annotate@
47 silly resolved [ { name: 'ng-annotate',
47 silly resolved     version: '0.15.4',
47 silly resolved     description: 'add, remove and rebuild angularjs dependency injection annotations',
47 silly resolved     main: 'build/es5/ng-annotate-main.js',
47 silly resolved     repository: { type: 'git', url: 'https://github.com/olov/ng-annotate.git' },
47 silly resolved     dependencies:
47 silly resolved      { acorn: '~0.11.0',
47 silly resolved        alter: '~0.2.0',
47 silly resolved        'convert-source-map': '~0.4.1',
47 silly resolved        optimist: '~0.6.1',
47 silly resolved        'ordered-ast-traverse': '~1.1.1',
47 silly resolved        'simple-fmt': '~0.1.0',
47 silly resolved        'simple-is': '~0.2.0',
47 silly resolved        'source-map': '~0.1.43',
47 silly resolved        stable: '~0.1.5',
47 silly resolved        stringmap: '~0.2.2',
47 silly resolved        stringset: '~0.2.1',
47 silly resolved        tryor: '~0.1.2' },
47 silly resolved     devDependencies:
47 silly resolved      { 'coffee-script': '~1.8.0',
47 silly resolved        defs: '~1.1.0',
47 silly resolved        diff: '~1.2.1',
47 silly resolved        'find-line-column': '~0.5.2' },
47 silly resolved     keywords:
47 silly resolved      [ 'angular',
47 silly resolved        'angularjs',
47 silly resolved        'di',
47 silly resolved        'dependency',
47 silly resolved        'injection',
47 silly resolved        'annotate',
47 silly resolved        'annotation',
47 silly resolved        'annotations',
47 silly resolved        'transformation' ],
47 silly resolved     scripts: { test: 'node --harmony run-tests' },
47 silly resolved     bin: { 'ng-annotate': './build/es5/ng-annotate' },
47 silly resolved     author: { name: 'Olov Lassus', email: 'olov.lassus@gmail.com' },
47 silly resolved     license: 'MIT',
47 silly resolved     bugs: { url: 'https://github.com/olov/ng-annotate/issues' },
47 silly resolved     homepage: 'https://github.com/olov/ng-annotate',
47 silly resolved     _id: 'ng-annotate@0.15.4',
47 silly resolved     _shasum: '6507525c8f2f28f8787bcdb898f56d9b31066e93',
47 silly resolved     _resolved: 'https://registry.npmjs.org/ng-annotate/-/ng-annotate-0.15.4.tgz',
47 silly resolved     _from: 'ng-annotate@',
47 silly resolved     _npmVersion: '2.0.0',
47 silly resolved     _npmUser: { name: 'olov', email: 'olov.lassus@gmail.com' },
47 silly resolved     maintainers: [ [Object] ],
47 silly resolved     dist:
47 silly resolved      { shasum: '6507525c8f2f28f8787bcdb898f56d9b31066e93',
47 silly resolved        tarball: 'http://registry.npmjs.org/ng-annotate/-/ng-annotate-0.15.4.tgz' },
47 silly resolved     directories: {} } ]
48 info install ng-annotate@0.15.4 into /usr/local/lib
49 info installOne ng-annotate@0.15.4
50 verbose lib/node_modules/ng-annotate unbuild
51 verbose tar unpack /Users/Korn/.npm/ng-annotate/0.15.4/package.tgz
52 silly lockFile fe519b57-cal-lib-node-modules-ng-annotate tar:///usr/local/lib/node_modules/ng-annotate
53 verbose lock tar:///usr/local/lib/node_modules/ng-annotate /Users/Korn/.npm/fe519b57-cal-lib-node-modules-ng-annotate.lock
54 silly lockFile 523f8d9a-m-ng-annotate-0-15-4-package-tgz tar:///Users/Korn/.npm/ng-annotate/0.15.4/package.tgz
55 verbose lock tar:///Users/Korn/.npm/ng-annotate/0.15.4/package.tgz /Users/Korn/.npm/523f8d9a-m-ng-annotate-0-15-4-package-tgz.lock
56 silly gunzTarPerm modes [ '755', '644' ]
57 error Error: EACCES, mkdir '/usr/local/lib/node_modules/ng-annotate'
57 error  { [Error: EACCES, mkdir '/usr/local/lib/node_modules/ng-annotate']
57 error   errno: 3,
57 error   code: 'EACCES',
57 error   path: '/usr/local/lib/node_modules/ng-annotate',
57 error   fstream_type: 'Directory',
57 error   fstream_path: '/usr/local/lib/node_modules/ng-annotate',
57 error   fstream_class: 'DirWriter',
57 error   fstream_stack:
57 error    [ '/usr/local/lib/node_modules/npm/node_modules/fstream/lib/dir-writer.js:36:23',
57 error      '/usr/local/lib/node_modules/npm/node_modules/mkdirp/index.js:46:53',
57 error      'Object.oncomplete (fs.js:108:15)' ] }
58 error Please try running this command again as root/Administrator.
59 error System Darwin 14.1.0
60 error command "node" "/usr/local/bin/npm" "install" "-g" "ng-annotate"
61 error cwd /Users/Korn/Desktop/SoulFriend
62 error node -v v0.10.35
63 error npm -v 1.4.28
64 error path /usr/local/lib/node_modules/ng-annotate
65 error fstream_path /usr/local/lib/node_modules/ng-annotate
66 error fstream_type Directory
67 error fstream_class DirWriter
68 error code EACCES
69 error errno 3
70 error stack Error: EACCES, mkdir '/usr/local/lib/node_modules/ng-annotate'
71 error fstream_stack /usr/local/lib/node_modules/npm/node_modules/fstream/lib/dir-writer.js:36:23
71 error fstream_stack /usr/local/lib/node_modules/npm/node_modules/mkdirp/index.js:46:53
71 error fstream_stack Object.oncomplete (fs.js:108:15)
72 verbose exit [ 3, true ]
